<?xml version="1.0" encoding="UTF-8"?>
<testng-results skipped="0" failed="0" total="1" passed="1">
  <reporter-output>
  </reporter-output>
  <suite name="Surefire suite" duration-ms="51" started-at="2020-11-09T10:27:23Z" finished-at="2020-11-09T10:27:23Z">
    <groups>
    </groups>
    <test name="Surefire test" duration-ms="51" started-at="2020-11-09T10:27:23Z" finished-at="2020-11-09T10:27:23Z">
      <class name="Academy.AppTest">
        <test-method status="PASS" signature="shouldAnswerWithTrue()[pri:0, instance:shouldAnswerWithTrue(Academy.AppTest)]" name="shouldAnswerWithTrue" duration-ms="2" started-at="2020-11-09T15:57:23Z" finished-at="2020-11-09T15:57:23Z">
          <reporter-output>
          </reporter-output>
        </test-method> <!-- shouldAnswerWithTrue -->
      </class> <!-- Academy.AppTest -->
    </test> <!-- Surefire test -->
  </suite> <!-- Surefire suite -->
</testng-results>
