<?xml version="1.0" encoding="UTF-8"?>
<!-- Generated by org.testng.reporters.JUnitXMLReporter -->
<testsuite hostname="DESKTOP-LVOD7TK" name="Test" tests="4" failures="0" timestamp="10 Nov 2020 06:44:53 GMT" time="44.395" errors="0">
  <testcase name="basePageNavigation" time="16.28" classname="Academy.HomePageTest"/>
  <testcase name="basePageNavigation" time="11.613" classname="Academy.HomePageTest"/>
  <testcase name="ValidateNavBar" time="0.285" classname="Academy.ValidateNavigationBarTest"/>
  <testcase name="validateTitle" time="0.134" classname="Academy.ValidateTittleTest"/>
</testsuite> <!-- Test -->
