<?xml version="1.0" encoding="UTF-8"?>
<testng-results skipped="0" failed="0" total="4" passed="4">
  <reporter-output>
  </reporter-output>
  <suite name="Surefire suite" duration-ms="52734" started-at="2020-11-09T10:26:30Z" finished-at="2020-11-09T10:27:23Z">
    <groups>
    </groups>
    <test name="Surefire test" duration-ms="52734" started-at="2020-11-09T10:26:30Z" finished-at="2020-11-09T10:27:23Z">
      <class name="Academy.ValidateNavigationBarTest">
        <test-method status="PASS" signature="ValidateNavBar()[pri:0, instance:Academy.ValidateNavigationBarTest@12843fce]" name="ValidateNavBar" duration-ms="79" started-at="2020-11-09T15:57:23Z" finished-at="2020-11-09T15:57:23Z">
          <reporter-output>
          </reporter-output>
        </test-method> <!-- ValidateNavBar -->
      </class> <!-- Academy.ValidateNavigationBarTest -->
      <class name="Academy.ValidateTittleTest">
        <test-method status="PASS" signature="validateTitle()[pri:0, instance:Academy.ValidateTittleTest@34b7bfc0]" name="validateTitle" duration-ms="58" started-at="2020-11-09T15:57:23Z" finished-at="2020-11-09T15:57:23Z">
          <reporter-output>
          </reporter-output>
        </test-method> <!-- validateTitle -->
      </class> <!-- Academy.ValidateTittleTest -->
      <class name="Academy.HomePageTest">
        <test-method status="PASS" signature="inililization()[pri:0, instance:Academy.HomePageTest@13c78c0b]" name="inililization" is-config="true" duration-ms="16" started-at="2020-11-09T15:56:30Z" finished-at="2020-11-09T15:56:30Z">
          <reporter-output>
          </reporter-output>
        </test-method> <!-- inililization -->
        <test-method status="PASS" signature="inililization()[pri:0, instance:Academy.ValidateNavigationBarTest@12843fce]" name="inililization" is-config="true" duration-ms="13160" started-at="2020-11-09T15:56:30Z" finished-at="2020-11-09T15:56:44Z">
          <reporter-output>
          </reporter-output>
        </test-method> <!-- inililization -->
        <test-method status="PASS" signature="inililization()[pri:0, instance:Academy.ValidateTittleTest@34b7bfc0]" name="inililization" is-config="true" duration-ms="7719" started-at="2020-11-09T15:56:44Z" finished-at="2020-11-09T15:56:51Z">
          <reporter-output>
          </reporter-output>
        </test-method> <!-- inililization -->
        <test-method status="PASS" signature="basePageNavigation(java.lang.String, java.lang.String, java.lang.String)[pri:0, instance:Academy.HomePageTest@13c78c0b]" name="basePageNavigation" duration-ms="18080" started-at="2020-11-09T15:56:51Z" data-provider="getData" finished-at="2020-11-09T15:57:09Z">
          <params>
            <param index="0">
              <value>
                <![CDATA[restricteduser@qw.com]]>
              </value>
            </param>
            <param index="1">
              <value>
                <![CDATA[1234]]>
              </value>
            </param>
            <param index="2">
              <value>
                <![CDATA[NonRestricted User]]>
              </value>
            </param>
          </params>
          <reporter-output>
          </reporter-output>
        </test-method> <!-- basePageNavigation -->
        <test-method status="PASS" signature="basePageNavigation(java.lang.String, java.lang.String, java.lang.String)[pri:0, instance:Academy.HomePageTest@13c78c0b]" name="basePageNavigation" duration-ms="13247" started-at="2020-11-09T15:57:09Z" data-provider="getData" finished-at="2020-11-09T15:57:23Z">
          <params>
            <param index="0">
              <value>
                <![CDATA[non-resticted user]]>
              </value>
            </param>
            <param index="1">
              <value>
                <![CDATA[5678]]>
              </value>
            </param>
            <param index="2">
              <value>
                <![CDATA[Restricted User]]>
              </value>
            </param>
          </params>
          <reporter-output>
          </reporter-output>
        </test-method> <!-- basePageNavigation -->
        <test-method status="PASS" signature="teardown()[pri:0, instance:Academy.HomePageTest@13c78c0b]" name="teardown" is-config="true" duration-ms="0" started-at="2020-11-09T15:57:23Z" finished-at="2020-11-09T15:57:23Z">
          <reporter-output>
          </reporter-output>
        </test-method> <!-- teardown -->
        <test-method status="PASS" signature="teardown()[pri:0, instance:Academy.ValidateNavigationBarTest@12843fce]" name="teardown" is-config="true" duration-ms="101" started-at="2020-11-09T15:57:23Z" finished-at="2020-11-09T15:57:23Z">
          <reporter-output>
          </reporter-output>
        </test-method> <!-- teardown -->
        <test-method status="PASS" signature="teardown()[pri:0, instance:Academy.ValidateTittleTest@34b7bfc0]" name="teardown" is-config="true" duration-ms="256" started-at="2020-11-09T15:57:23Z" finished-at="2020-11-09T15:57:23Z">
          <reporter-output>
          </reporter-output>
        </test-method> <!-- teardown -->
      </class> <!-- Academy.HomePageTest -->
    </test> <!-- Surefire test -->
  </suite> <!-- Surefire suite -->
</testng-results>
