<?xml version="1.0" encoding="UTF-8"?>
<!-- Generated by org.testng.reporters.JUnitXMLReporter -->
<testsuite hostname="DESKTOP-LVOD7TK" name="Test" tests="4" failures="0" timestamp="9 Nov 2020 10:36:41 GMT" time="47.736" errors="0">
  <testcase name="basePageNavigation" time="12.919" classname="Academy.HomePageTest"/>
  <testcase name="basePageNavigation" time="14.514" classname="Academy.HomePageTest"/>
  <testcase name="ValidateNavBar" time="0.138" classname="Academy.ValidateNavigationBarTest"/>
  <testcase name="validateTitle" time="0.047" classname="Academy.ValidateTittleTest"/>
</testsuite> <!-- Test -->
