<?xml version="1.0" encoding="UTF-8"?>
<testng-results skipped="0" failed="0" total="2" passed="2">
  <reporter-output>
  </reporter-output>
  <suite name="Suite" duration-ms="29506" started-at="2020-11-11T07:54:48Z" finished-at="2020-11-11T07:55:17Z">
    <groups>
      <group name="cucumber">
        <method signature="AbstractTestNGCucumberTests.runScenario(io.cucumber.testng.PickleWrapper, io.cucumber.testng.FeatureWrapper)[pri:0, instance:cucumberOptions.TestRunner@1329eff]" name="runScenario" class="io.cucumber.testng.AbstractTestNGCucumberTests"/>
      </group> <!-- cucumber -->
    </groups>
    <test name="Login validation" duration-ms="29506" started-at="2020-11-11T07:54:48Z" finished-at="2020-11-11T07:55:17Z">
      <class name="cucumberOptions.TestRunner">
        <test-method status="PASS" signature="setUpClass()[pri:0, instance:cucumberOptions.TestRunner@1329eff]" name="setUpClass" is-config="true" duration-ms="316" started-at="2020-11-11T13:24:48Z" finished-at="2020-11-11T13:24:48Z">
          <reporter-output>
          </reporter-output>
        </test-method> <!-- setUpClass -->
        <test-method status="PASS" signature="runScenario(io.cucumber.testng.PickleWrapper, io.cucumber.testng.FeatureWrapper)[pri:0, instance:cucumberOptions.TestRunner@1329eff]" name="runScenario" duration-ms="9238" started-at="2020-11-11T13:24:48Z" description="Runs Cucumber Scenarios" data-provider="scenarios" finished-at="2020-11-11T13:24:57Z">
          <params>
            <param index="0">
              <value>
                <![CDATA["Positive test alidating login"]]>
              </value>
            </param>
            <param index="1">
              <value>
                <![CDATA["Optional[Login into Application]"]]>
              </value>
            </param>
          </params>
          <reporter-output>
          </reporter-output>
        </test-method> <!-- runScenario -->
        <test-method status="PASS" signature="runScenario(io.cucumber.testng.PickleWrapper, io.cucumber.testng.FeatureWrapper)[pri:0, instance:cucumberOptions.TestRunner@1329eff]" name="runScenario" duration-ms="19913" started-at="2020-11-11T13:24:57Z" description="Runs Cucumber Scenarios" data-provider="scenarios" finished-at="2020-11-11T13:25:17Z">
          <params>
            <param index="0">
              <value>
                <![CDATA["Positive test alidating login"]]>
              </value>
            </param>
            <param index="1">
              <value>
                <![CDATA["Optional[Login into Application]"]]>
              </value>
            </param>
          </params>
          <reporter-output>
          </reporter-output>
        </test-method> <!-- runScenario -->
        <test-method status="PASS" signature="tearDownClass()[pri:0, instance:cucumberOptions.TestRunner@1329eff]" name="tearDownClass" is-config="true" duration-ms="14" started-at="2020-11-11T13:25:17Z" finished-at="2020-11-11T13:25:17Z">
          <reporter-output>
          </reporter-output>
        </test-method> <!-- tearDownClass -->
      </class> <!-- cucumberOptions.TestRunner -->
    </test> <!-- Login validation -->
  </suite> <!-- Suite -->
</testng-results>
