<?xml version="1.0" encoding="UTF-8"?>
<testng-results skipped="0" failed="0" total="2" passed="2">
  <reporter-output>
  </reporter-output>
  <suite name="Suite" duration-ms="85535" started-at="2020-11-11T07:42:09Z" finished-at="2020-11-11T07:43:35Z">
    <groups>
      <group name="cucumber">
        <method signature="AbstractTestNGCucumberTests.runScenario(io.cucumber.testng.PickleWrapper, io.cucumber.testng.FeatureWrapper)[pri:0, instance:cucumberOptions.TestRunner@2dde1bff]" name="runScenario" class="io.cucumber.testng.AbstractTestNGCucumberTests"/>
      </group> <!-- cucumber -->
    </groups>
    <test name="Login validation" duration-ms="85535" started-at="2020-11-11T07:42:09Z" finished-at="2020-11-11T07:43:35Z">
      <class name="cucumberOptions.TestRunner">
        <test-method status="PASS" signature="setUpClass()[pri:0, instance:cucumberOptions.TestRunner@2dde1bff]" name="setUpClass" is-config="true" duration-ms="324" started-at="2020-11-11T13:12:09Z" finished-at="2020-11-11T13:12:09Z">
          <reporter-output>
          </reporter-output>
        </test-method> <!-- setUpClass -->
        <test-method status="PASS" signature="runScenario(io.cucumber.testng.PickleWrapper, io.cucumber.testng.FeatureWrapper)[pri:0, instance:cucumberOptions.TestRunner@2dde1bff]" name="runScenario" duration-ms="58383" started-at="2020-11-11T13:12:09Z" description="Runs Cucumber Scenarios" data-provider="scenarios" finished-at="2020-11-11T13:13:08Z">
          <params>
            <param index="0">
              <value>
                <![CDATA["Positive test alidating login"]]>
              </value>
            </param>
            <param index="1">
              <value>
                <![CDATA["Optional[Login into Application]"]]>
              </value>
            </param>
          </params>
          <reporter-output>
          </reporter-output>
        </test-method> <!-- runScenario -->
        <test-method status="PASS" signature="runScenario(io.cucumber.testng.PickleWrapper, io.cucumber.testng.FeatureWrapper)[pri:0, instance:cucumberOptions.TestRunner@2dde1bff]" name="runScenario" duration-ms="26789" started-at="2020-11-11T13:13:08Z" description="Runs Cucumber Scenarios" data-provider="scenarios" finished-at="2020-11-11T13:13:35Z">
          <params>
            <param index="0">
              <value>
                <![CDATA["Positive test alidating login"]]>
              </value>
            </param>
            <param index="1">
              <value>
                <![CDATA["Optional[Login into Application]"]]>
              </value>
            </param>
          </params>
          <reporter-output>
          </reporter-output>
        </test-method> <!-- runScenario -->
        <test-method status="PASS" signature="tearDownClass()[pri:0, instance:cucumberOptions.TestRunner@2dde1bff]" name="tearDownClass" is-config="true" duration-ms="15" started-at="2020-11-11T13:13:35Z" finished-at="2020-11-11T13:13:35Z">
          <reporter-output>
          </reporter-output>
        </test-method> <!-- tearDownClass -->
      </class> <!-- cucumberOptions.TestRunner -->
    </test> <!-- Login validation -->
  </suite> <!-- Suite -->
</testng-results>
